<?xml version="1.0" encoding="UTF-8"?>
<testsuite name="ReadabilityTest" tests="1" skipped="0" failures="0" errors="0" timestamp="2026-01-13T15:29:04" hostname="Mac.lan" time="0.08">
  <properties/>
  <testcase name="start" classname="ReadabilityTest" time="0.08"/>
  <system-out><![CDATA[?[1;31m
Start test 1?[0m
Words: 108.0
Sentences: 6
Characters: 580.0
Syllables: 196
Polysyllables: 20
Enter the score you want to calculate (ARI, FK, SMOG, CL, all): > all


Automated Readability Index: 12.86 (about 18-year-olds).
Flesch–Kincaid readability tests: 12.844814814814818 (about 18-year-olds).
Simple Measure of Gobbledygook: 13.5591 (about 19-year-olds).
Coleman–Liau index: 14.133333333333333 (about 20-year-olds).
This text should be understood in average by 18.75-year-olds.
?[1;31m
Start test 2?[0m
Words: 137.0
Sentences: 14
Characters: 687.0
Syllables: 219
Polysyllables: 17
Enter the score you want to calculate (ARI, FK, SMOG, CL, all): > all


Automated Readability Index: 7.08 (about 13-year-olds).
Flesch–Kincaid readability tests: 7.08920229405631 (about 13-year-olds).
Simple Measure of Gobbledygook: 9.424239791934728 (about 15-year-olds).
Coleman–Liau index: 10.661021897810219 (about 16-year-olds).
This text should be understood in average by 14.25-year-olds.
?[1;31m
Start test 3?[0m
Words: 180.0
Sentences: 13
Characters: 982.0
Syllables: 315
Polysyllables: 34
Enter the score you want to calculate (ARI, FK, SMOG, CL, all): > all


Automated Readability Index: 11.19 (about 17-year-olds).
Flesch–Kincaid readability tests: 10.459999999999997 (about 16-year-olds).
Simple Measure of Gobbledygook: 12.367839424501923 (about 18-year-olds).
Coleman–Liau index: 14.140888888888885 (about 20-year-olds).
This text should be understood in average by 17.75-year-olds.
]]></system-out>
  <system-err><![CDATA[]]></system-err>
</testsuite>
